TN:
SF:src/modules/appointments/services/CreateAppointmentService.ts
FN:34,(anonymous_18)
FN:37,CreateAppointmentService
FN:44,(anonymous_20)
FNF:3
FNH:3
FNDA:1,(anonymous_18)
FNDA:2,CreateAppointmentService
FNDA:3,(anonymous_20)
DA:1,1
DA:3,1
DA:5,1
DA:34,1
DA:39,2
DA:41,2
DA:44,1
DA:45,3
DA:46,3
DA:49,3
DA:51,3
DA:55,3
DA:56,1
DA:59,2
DA:64,2
DA:66,1
DA:67,1
LF:17
LH:17
BRDA:55,0,0,1
BRDA:55,0,1,2
BRF:2
BRH:2
end_of_record
TN:
SF:src/modules/users/services/AuthenticateUserService.ts
FN:23,(anonymous_18)
FN:24,AuthenticateUserService
FN:31,(anonymous_20)
FNF:3
FNH:3
FNDA:1,(anonymous_18)
FNDA:1,AuthenticateUserService
FNDA:1,(anonymous_20)
DA:2,1
DA:3,1
DA:4,1
DA:6,1
DA:10,1
DA:23,1
DA:26,1
DA:28,1
DA:31,1
DA:32,1
DA:34,1
DA:35,0
DA:41,1
DA:43,1
DA:44,0
DA:62,1
DA:64,1
DA:69,1
DA:74,1
DA:76,1
LF:20
LH:18
BRDA:32,0,0,1
BRDA:34,1,0,0
BRDA:34,1,1,1
BRDA:43,2,0,0
BRDA:43,2,1,1
BRF:5
BRH:3
end_of_record
TN:
SF:src/modules/users/services/CreateUserService.ts
FN:16,(anonymous_18)
FN:17,CreateUserService
FN:24,(anonymous_20)
FNF:3
FNH:3
FNDA:2,(anonymous_18)
FNDA:3,CreateUserService
FNDA:4,(anonymous_20)
DA:1,2
DA:4,2
DA:7,2
DA:16,2
DA:19,3
DA:21,3
DA:24,2
DA:25,4
DA:26,4
DA:27,4
DA:31,4
DA:34,4
DA:35,1
DA:38,3
DA:40,3
DA:46,3
DA:48,2
DA:50,2
LF:18
LH:18
BRDA:31,0,0,4
BRDA:34,1,0,1
BRDA:34,1,1,3
BRF:3
BRH:3
end_of_record
TN:
SF:src/modules/users/services/UpdateUserAvatarService.ts
FN:22,(anonymous_18)
FN:23,UpdateUserAvatarService
FN:30,(anonymous_20)
FNF:3
FNH:0
FNDA:0,(anonymous_18)
FNDA:0,UpdateUserAvatarService
FNDA:0,(anonymous_20)
DA:3,0
DA:7,0
DA:10,0
DA:12,0
DA:14,0
DA:22,0
DA:25,0
DA:27,0
DA:30,0
DA:31,0
DA:33,0
DA:34,0
DA:40,0
DA:43,0
DA:47,0
DA:51,0
DA:52,0
DA:56,0
DA:58,0
DA:60,0
DA:62,0
DA:64,0
DA:66,0
LF:23
LH:0
BRDA:31,0,0,0
BRDA:33,1,0,0
BRDA:33,1,1,0
BRDA:40,2,0,0
BRDA:40,2,1,0
BRDA:51,3,0,0
BRDA:51,3,1,0
BRF:7
BRH:0
end_of_record
